2020-03-17 22:39:03.372  INFO 4416 --- [restartedMain] com.liu.liftfix.LiftfixApplication       : Starting LiftfixApplication on DESKTOP-JSGQGLD with PID 4416 (E:\Java\liftfix\target\classes started by Fleeko in E:\Java\liftfix)
2020-03-17 22:39:03.377  INFO 4416 --- [restartedMain] com.liu.liftfix.LiftfixApplication       : No active profile set, falling back to default profiles: default
2020-03-17 22:39:03.435  INFO 4416 --- [restartedMain] .e.DevToolsPropertyDefaultsPostProcessor : Devtools property defaults active! Set 'spring.devtools.add-properties' to 'false' to disable
2020-03-17 22:39:03.436  INFO 4416 --- [restartedMain] .e.DevToolsPropertyDefaultsPostProcessor : For additional web related logging consider setting the 'logging.level.web' property to 'DEBUG'
2020-03-17 22:39:03.477  WARN 4416 --- [background-preinit] o.s.h.c.j.Jackson2ObjectMapperBuilder    : For Jackson Kotlin classes support please add "com.fasterxml.jackson.module:jackson-module-kotlin" to the classpath
2020-03-17 22:39:04.717  INFO 4416 --- [restartedMain] o.s.b.w.embedded.tomcat.TomcatWebServer  : Tomcat initialized with port(s): 8887 (http)
2020-03-17 22:39:04.725  INFO 4416 --- [restartedMain] o.apache.catalina.core.StandardService   : Starting service [Tomcat]
2020-03-17 22:39:04.726  INFO 4416 --- [restartedMain] org.apache.catalina.core.StandardEngine  : Starting Servlet engine: [Apache Tomcat/9.0.27]
2020-03-17 22:39:04.796  INFO 4416 --- [restartedMain] o.a.c.c.C.[Tomcat].[localhost].[/]       : Initializing Spring embedded WebApplicationContext
2020-03-17 22:39:04.796  INFO 4416 --- [restartedMain] o.s.web.context.ContextLoader            : Root WebApplicationContext: initialization completed in 1360 ms
2020-03-17 22:39:04.824  INFO 4416 --- [restartedMain] com.zaxxer.hikari.HikariDataSource       : HikariPool-1 - Starting...
2020-03-17 22:39:04.952  INFO 4416 --- [restartedMain] com.zaxxer.hikari.HikariDataSource       : HikariPool-1 - Start completed.
2020-03-17 22:39:04.957  INFO 4416 --- [restartedMain] o.s.b.a.h2.H2ConsoleAutoConfiguration    : H2 console available at '/h2-console'. Database available at 'jdbc:h2:~/liftfix'
2020-03-17 22:39:05.433  INFO 4416 --- [restartedMain] o.s.s.concurrent.ThreadPoolTaskExecutor  : Initializing ExecutorService 'applicationTaskExecutor'
2020-03-17 22:39:05.495  INFO 4416 --- [restartedMain] o.s.b.a.w.s.WelcomePageHandlerMapping    : Adding welcome page template: index
2020-03-17 22:39:05.643  INFO 4416 --- [restartedMain] o.s.b.d.a.OptionalLiveReloadServer       : LiveReload server is running on port 35729
2020-03-17 22:39:05.783  INFO 4416 --- [restartedMain] o.s.b.w.embedded.tomcat.TomcatWebServer  : Tomcat started on port(s): 8887 (http) with context path ''
2020-03-17 22:39:05.786  INFO 4416 --- [restartedMain] com.liu.liftfix.LiftfixApplication       : Started LiftfixApplication in 2.79 seconds (JVM running for 3.834)
2020-03-17 22:40:45.451  INFO 4416 --- [http-nio-8887-exec-1] o.a.c.c.C.[Tomcat].[localhost].[/]       : Initializing Spring DispatcherServlet 'dispatcherServlet'
2020-03-17 22:40:45.451  INFO 4416 --- [http-nio-8887-exec-1] o.s.web.servlet.DispatcherServlet        : Initializing Servlet 'dispatcherServlet'
2020-03-17 22:40:45.457  INFO 4416 --- [http-nio-8887-exec-1] o.s.web.servlet.DispatcherServlet        : Completed initialization in 6 ms
2020-03-17 22:40:45.517 DEBUG 4416 --- [http-nio-8887-exec-1] c.l.l.m.QuestionExtMapper.countBySearch  : ==>  Preparing: select count(*) from QUESTION 
2020-03-17 22:40:45.532 DEBUG 4416 --- [http-nio-8887-exec-1] c.l.l.m.QuestionExtMapper.countBySearch  : ==> Parameters: 
2020-03-17 22:40:45.546 DEBUG 4416 --- [http-nio-8887-exec-1] c.l.l.m.QuestionExtMapper.countBySearch  : <==      Total: 1
2020-03-17 22:40:45.547 DEBUG 4416 --- [http-nio-8887-exec-1] c.l.l.m.Q.selectBySearch                 : ==>  Preparing: select * from QUESTION order by gmt_create desc limit ?,? 
2020-03-17 22:40:45.550 DEBUG 4416 --- [http-nio-8887-exec-1] c.l.l.m.Q.selectBySearch                 : ==> Parameters: 0(Integer), 5(Integer)
2020-03-17 22:40:45.555 DEBUG 4416 --- [http-nio-8887-exec-1] c.l.l.m.Q.selectBySearch                 : <==      Total: 5
2020-03-17 22:40:45.556 DEBUG 4416 --- [http-nio-8887-exec-1] c.l.l.m.UserMapper.selectByPrimaryKey    : ==>  Preparing: select ID, ACCOUNT_ID, NAME, TOKEN, GMT_CREATE, GMT_MODIFIED, BIO, AVATAR_URL from USER where ID = ? 
2020-03-17 22:40:45.558 DEBUG 4416 --- [http-nio-8887-exec-1] c.l.l.m.UserMapper.selectByPrimaryKey    : ==> Parameters: 1(Long)
2020-03-17 22:40:45.559 DEBUG 4416 --- [http-nio-8887-exec-1] c.l.l.m.UserMapper.selectByPrimaryKey    : <==      Total: 1
2020-03-17 22:40:45.563 DEBUG 4416 --- [http-nio-8887-exec-1] c.l.l.m.UserMapper.selectByPrimaryKey    : ==>  Preparing: select ID, ACCOUNT_ID, NAME, TOKEN, GMT_CREATE, GMT_MODIFIED, BIO, AVATAR_URL from USER where ID = ? 
2020-03-17 22:40:45.564 DEBUG 4416 --- [http-nio-8887-exec-1] c.l.l.m.UserMapper.selectByPrimaryKey    : ==> Parameters: 1(Long)
2020-03-17 22:40:45.565 DEBUG 4416 --- [http-nio-8887-exec-1] c.l.l.m.UserMapper.selectByPrimaryKey    : <==      Total: 1
2020-03-17 22:40:45.565 DEBUG 4416 --- [http-nio-8887-exec-1] c.l.l.m.UserMapper.selectByPrimaryKey    : ==>  Preparing: select ID, ACCOUNT_ID, NAME, TOKEN, GMT_CREATE, GMT_MODIFIED, BIO, AVATAR_URL from USER where ID = ? 
2020-03-17 22:40:45.565 DEBUG 4416 --- [http-nio-8887-exec-1] c.l.l.m.UserMapper.selectByPrimaryKey    : ==> Parameters: 1(Long)
2020-03-17 22:40:45.566 DEBUG 4416 --- [http-nio-8887-exec-1] c.l.l.m.UserMapper.selectByPrimaryKey    : <==      Total: 1
2020-03-17 22:40:45.566 DEBUG 4416 --- [http-nio-8887-exec-1] c.l.l.m.UserMapper.selectByPrimaryKey    : ==>  Preparing: select ID, ACCOUNT_ID, NAME, TOKEN, GMT_CREATE, GMT_MODIFIED, BIO, AVATAR_URL from USER where ID = ? 
2020-03-17 22:40:45.566 DEBUG 4416 --- [http-nio-8887-exec-1] c.l.l.m.UserMapper.selectByPrimaryKey    : ==> Parameters: 1(Long)
2020-03-17 22:40:45.567 DEBUG 4416 --- [http-nio-8887-exec-1] c.l.l.m.UserMapper.selectByPrimaryKey    : <==      Total: 1
2020-03-17 22:40:45.567 DEBUG 4416 --- [http-nio-8887-exec-1] c.l.l.m.UserMapper.selectByPrimaryKey    : ==>  Preparing: select ID, ACCOUNT_ID, NAME, TOKEN, GMT_CREATE, GMT_MODIFIED, BIO, AVATAR_URL from USER where ID = ? 
2020-03-17 22:40:45.567 DEBUG 4416 --- [http-nio-8887-exec-1] c.l.l.m.UserMapper.selectByPrimaryKey    : ==> Parameters: 1(Long)
2020-03-17 22:40:45.568 DEBUG 4416 --- [http-nio-8887-exec-1] c.l.l.m.UserMapper.selectByPrimaryKey    : <==      Total: 1
2020-03-17 22:40:52.573 DEBUG 4416 --- [http-nio-8887-exec-9] c.l.l.m.Q.selectByPrimaryKey             : ==>  Preparing: select ID, TITLE, GMT_CREATE, GMT_MODIFIED, CREATOR, COMMENT_COUNT, VIEW_COUNT, LIKE_COUNT, TAG , DESCRIPTION from QUESTION where ID = ? 
2020-03-17 22:40:52.573 DEBUG 4416 --- [http-nio-8887-exec-9] c.l.l.m.Q.selectByPrimaryKey             : ==> Parameters: 106(Long)
2020-03-17 22:40:52.574 DEBUG 4416 --- [http-nio-8887-exec-9] c.l.l.m.Q.selectByPrimaryKey             : <==      Total: 1
2020-03-17 22:40:52.575 DEBUG 4416 --- [http-nio-8887-exec-9] c.l.l.m.UserMapper.selectByPrimaryKey    : ==>  Preparing: select ID, ACCOUNT_ID, NAME, TOKEN, GMT_CREATE, GMT_MODIFIED, BIO, AVATAR_URL from USER where ID = ? 
2020-03-17 22:40:52.575 DEBUG 4416 --- [http-nio-8887-exec-9] c.l.l.m.UserMapper.selectByPrimaryKey    : ==> Parameters: 1(Long)
2020-03-17 22:40:52.576 DEBUG 4416 --- [http-nio-8887-exec-9] c.l.l.m.UserMapper.selectByPrimaryKey    : <==      Total: 1
2020-03-17 22:40:52.576 DEBUG 4416 --- [http-nio-8887-exec-9] c.l.l.m.QuestionExtMapper.selectRelated  : ==>  Preparing: select * from QUESTION where id != ? and tag regexp ? 
2020-03-17 22:40:52.584 DEBUG 4416 --- [http-nio-8887-exec-9] c.l.l.m.QuestionExtMapper.selectRelated  : ==> Parameters: 106(Long), java|spring|github(String)
2020-03-17 22:40:52.588 DEBUG 4416 --- [http-nio-8887-exec-9] c.l.l.m.QuestionExtMapper.selectRelated  : <==      Total: 5
2020-03-17 22:40:52.608 DEBUG 4416 --- [http-nio-8887-exec-9] c.l.l.m.CommentMapper.selectByExample    : ==>  Preparing: select ID, PARENT_ID, TYPE, COMMENTATOR, GMT_CREATE, GMT_MODIFIED, LIKE_COUNT, CONTENT, COMMENT_COUNT from COMMENT WHERE ( PARENT_ID = ? and TYPE = ? ) order by gmt_create desc 
2020-03-17 22:40:52.609 DEBUG 4416 --- [http-nio-8887-exec-9] c.l.l.m.CommentMapper.selectByExample    : ==> Parameters: 106(Long), 1(Integer)
2020-03-17 22:40:52.609 DEBUG 4416 --- [http-nio-8887-exec-9] c.l.l.m.CommentMapper.selectByExample    : <==      Total: 1
2020-03-17 22:40:52.614 DEBUG 4416 --- [http-nio-8887-exec-9] c.l.l.mapper.UserMapper.selectByExample  : ==>  Preparing: select ID, ACCOUNT_ID, NAME, TOKEN, GMT_CREATE, GMT_MODIFIED, BIO, AVATAR_URL from USER WHERE ( ID in ( ? ) ) 
2020-03-17 22:40:52.615 DEBUG 4416 --- [http-nio-8887-exec-9] c.l.l.mapper.UserMapper.selectByExample  : ==> Parameters: 1(Long)
2020-03-17 22:40:52.616 DEBUG 4416 --- [http-nio-8887-exec-9] c.l.l.mapper.UserMapper.selectByExample  : <==      Total: 1
2020-03-17 22:40:52.621 DEBUG 4416 --- [http-nio-8887-exec-9] c.l.l.mapper.QuestionExtMapper.incView   : ==>  Preparing: update QUESTION set VIEW_COUNT = VIEW_COUNT + ? where id = ? 
2020-03-17 22:40:52.624 DEBUG 4416 --- [http-nio-8887-exec-9] c.l.l.mapper.QuestionExtMapper.incView   : ==> Parameters: 1(Integer), 106(Long)
2020-03-17 22:40:52.628 DEBUG 4416 --- [http-nio-8887-exec-9] c.l.l.mapper.QuestionExtMapper.incView   : <==    Updates: 1
